-------------------------------------------------------------------------------
Test set: com.rest.test.AppTest
-------------------------------------------------------------------------------
Tests run: 3, Failures: 1, Errors: 0, Skipped: 0, Time elapsed: 0.057 sec <<< FAILURE!
testApiTestDeployment(com.rest.test.AppTest)  Time elapsed: 0.052 sec  <<< FAILURE!
junit.framework.ComparisonFailure: expected:<... ...> but was:<......>
	at junit.framework.Assert.assertEquals(Assert.java:81)
	at junit.framework.Assert.assertEquals(Assert.java:87)
	at com.rest.test.AppTest.testApiTestDeployment(AppTest.java:53)

